12/21 01:33:00:531	#0	event:null	target:null	click:blk03
12/21 01:33:00:717	#0	event:null	target:null	click:blk03
12/21 01:33:01:642	#0	event:null	target:null	click:blk02
12/21 01:33:02:517	#0	event:null	target:null	click:blk12
12/21 01:33:03:051	#0	event:null	target:null	click:blk13
12/21 01:33:03:529	#0	event:null	target:null	click:blk23
12/21 01:33:03:961	#0	event:null	target:null	click:blk22
12/21 01:33:04:479	#0	event:null	target:null	click:blk21
12/21 01:33:04:980	#0	event:null	target:null	click:blk11
12/21 01:33:05:696	#0	event:null	target:null	click:blk01
12/25 05:57:38:698	#0	event:null	target:null	click:blk12
12/25 05:58:09:767	#0	event:null	target:null	click:blk12
12/25 05:58:36:501	#0	event:dwell	target:null	click:blk21
12/25 05:59:29:669	#0	event:dwell	target:null	click:blk12
12/25 05:59:37:244	#0	event:dwell	target:null	click:blk22
12/25 09:28:47:603	#0	event:null	target:null	click:null
12/25 09:28:48:740	#0	event:null	target:null	click:null
12/25 09:28:49:553	#0	event:null	target:null	click:null
12/25 09:28:50:452	#0	event:null	target:null	click:null
12/25 09:28:51:105	#0	event:null	target:null	click:null
12/25 09:28:53:451	#0	event:null	target:null	click:search-icon
12/25 09:28:54:849	#0	event:null	target:null	click:search-bar
12/25 09:28:56:977	#0	event:null	target:null	click:search-bar
12/25 09:28:57:846	#0	event:null	target:null	click:search-bar
12/25 09:28:58:231	#0	event:null	target:null	click:search-bar
12/25 09:28:58:439	#0	event:null	target:null	click:search-bar
12/25 09:28:59:025	#0	event:null	target:null	click:search-bar
12/25 09:28:59:260	#0	event:null	target:null	click:search-bar
12/25 09:28:59:500	#0	event:null	target:null	click:search-bar
12/25 09:28:59:694	#0	event:null	target:null	click:search-bar
12/25 09:28:59:894	#0	event:null	target:null	click:search-bar
12/25 09:29:00:417	#0	event:null	target:null	click:search-bar
12/25 09:29:04:525	#0	event:null	target:null	click:search-bar
12/25 09:29:06:300	#0	event:null	target:null	click:search-icon
12/25 09:29:07:840	#0	event:null	target:null	click:notify
12/26 01:35:37:246	#0	event:null	target:null	click:blk11
12/26 01:35:37:591	#0	event:null	target:null	click:blk11
12/26 01:35:37:940	#0	event:null	target:null	click:blk11
12/26 01:35:38:333	#0	event:null	target:null	click:blk11
12/26 01:35:39:738	#0	event:null	target:null	click:blk11
12/26 01:35:42:314	#0	event:null	target:null	click:blk11
12/26 01:35:44:510	#0	event:null	target:null	click:blk11
12/26 01:35:45:331	#0	event:null	target:null	click:blk21
12/26 01:35:46:856	#0	event:null	target:null	click:blk21
12/26 01:35:47:215	#0	event:null	target:null	click:blk21
12/26 01:35:49:137	#0	event:null	target:null	click:blk21
12/26 01:35:50:323	#0	event:null	target:null	click:blk22
12/26 01:35:51:013	#0	event:null	target:null	click:blk22
12/26 01:35:52:063	#0	event:null	target:null	click:blk32
12/26 01:35:52:721	#0	event:null	target:null	click:blk32
12/26 01:35:54:325	#0	event:null	target:null	click:blk31
12/26 01:35:55:167	#0	event:null	target:null	click:blk31
12/26 01:35:55:527	#0	event:null	target:null	click:blk31
12/26 01:35:56:401	#0	event:null	target:null	click:blk30
12/26 01:35:57:002	#0	event:null	target:null	click:blk30
12/26 01:35:58:271	#0	event:null	target:null	click:blk20
12/26 01:36:00:123	#0	event:null	target:null	click:blk20
12/26 01:36:02:865	#0	event:null	target:null	click:blk20
12/26 01:36:03:486	#0	event:null	target:null	click:blk20
12/26 01:36:06:625	#0	event:null	target:null	click:blk20
12/26 01:36:07:524	#0	event:null	target:null	click:blk20
12/26 01:36:10:175	#0	event:null	target:null	click:blk00
12/26 01:36:10:525	#0	event:null	target:null	click:blk00
12/26 01:36:13:864	#0	event:null	target:null	click:null
12/26 01:36:14:311	#0	event:null	target:null	click:null
12/26 01:36:14:663	#0	event:null	target:null	click:null
12/26 01:36:19:512	#0	event:null	target:null	click:null
12/26 01:36:19:959	#0	event:null	target:null	click:null
12/26 01:36:20:684	#0	event:null	target:null	click:null
12/26 01:36:21:060	#0	event:null	target:null	click:null
12/26 01:36:21:715	#0	event:null	target:null	click:null
12/26 01:36:22:815	#0	event:null	target:null	click:null
12/26 01:36:23:163	#0	event:null	target:null	click:null
12/26 01:36:23:562	#0	event:null	target:null	click:null
12/26 01:36:24:025	#0	event:null	target:null	click:null
12/26 01:36:24:772	#0	event:null	target:null	click:null
12/26 01:36:25:220	#0	event:null	target:null	click:null
12/26 01:36:25:654	#0	event:null	target:null	click:null
12/26 01:36:26:182	#0	event:null	target:null	click:null
12/26 01:36:27:067	#0	event:null	target:null	click:null
12/26 01:36:28:097	#0	event:null	target:null	click:null
12/26 01:36:29:107	#0	event:null	target:null	click:write
12/26 01:36:29:748	trial start
12/26 01:36:30:005	#1	event:null	target:null	click:null
12/26 01:36:30:010	#1	event:null	target:null	click:null
12/26 01:36:31:433	#1	event:null	target:null	click:null
12/26 01:36:31:851	#2	event:null	target:null	click:null
12/26 01:36:34:429	#2	event:null	target:null	click:null
12/26 01:36:34:957	#3	event:null	target:null	click:null
12/26 01:36:35:431	#3	event:null	target:null	click:null
12/26 01:36:36:169	#4	event:null	target:null	click:null
12/26 01:36:36:634	#4	event:null	target:null	click:null
12/26 01:36:38:428	#5	event:null	target:null	click:null
12/26 03:25:32:584	trial start
12/26 03:25:36:466	#1	event:null	target:blk22	click:blk22
12/26 03:25:38:195	#2	event:null	target:blk30	click:blk30
12/26 03:25:39:528	#3	event:null	target:blk24	click:blk24
12/26 03:25:40:594	#4	event:null	target:blk02	click:blk02
12/26 03:25:41:677	#5	event:null	target:blk00	click:blk00
12/26 03:25:42:486	#6	event:null	target:blk01	click:blk01
12/26 03:25:43:791	#7	event:null	target:blk34	click:blk34
12/26 03:25:44:752	#8	event:null	target:blk24	click:blk24
12/26 03:25:45:894	#9	event:null	target:blk30	click:blk30
12/26 03:25:46:855	#10	event:null	target:blk11	click:blk11
12/26 03:25:47:848	#11	event:null	target:blk10	click:blk10
12/26 03:25:49:202	#12	event:null	target:blk23	click:blk23
12/26 03:25:49:203	trial end
