03/29 21:28:48:938	#0	event:null	target:null	click:main-video	CompletionTime: undefined	ErrorCount: undefined	DwellSelectionCount: undefined	MouseClickCount: undefined
03/29 21:28:48:952	#0	event:null	target:null	click:main-video	CompletionTime: undefined	ErrorCount: undefined	DwellSelectionCount: undefined	MouseClickCount: undefined
03/29 21:28:52:712	#0	event:null	target:null	click:video02	CompletionTime: undefined	ErrorCount: undefined	DwellSelectionCount: undefined	MouseClickCount: undefined
03/29 21:28:52:716	#0	event:null	target:null	click:video02	CompletionTime: undefined	ErrorCount: undefined	DwellSelectionCount: undefined	MouseClickCount: undefined
03/29 21:28:53:880	#0	event:null	target:null	click:video03	CompletionTime: undefined	ErrorCount: undefined	DwellSelectionCount: undefined	MouseClickCount: undefined
03/29 21:28:53:888	#0	event:null	target:null	click:video03	CompletionTime: undefined	ErrorCount: undefined	DwellSelectionCount: undefined	MouseClickCount: undefined
03/29 21:28:54:662	#0	event:null	target:null	click:video04	CompletionTime: undefined	ErrorCount: undefined	DwellSelectionCount: undefined	MouseClickCount: undefined
03/29 21:28:54:668	#0	event:null	target:null	click:video04	CompletionTime: undefined	ErrorCount: undefined	DwellSelectionCount: undefined	MouseClickCount: undefined
03/29 21:28:58:312	#0	event:null	target:null	click:help	CompletionTime: undefined	ErrorCount: undefined	DwellSelectionCount: undefined	MouseClickCount: undefined
03/29 21:28:58:358	#0	event:null	target:null	click:help	CompletionTime: undefined	ErrorCount: undefined	DwellSelectionCount: undefined	MouseClickCount: undefined
03/29 21:29:01:049	#0	event:null	target:null	click:settings	CompletionTime: undefined	ErrorCount: undefined	DwellSelectionCount: undefined	MouseClickCount: undefined
03/29 21:29:01:176	#0	event:null	target:null	click:settings	CompletionTime: undefined	ErrorCount: undefined	DwellSelectionCount: undefined	MouseClickCount: undefined
03/29 21:29:03:436	#0	event:null	target:null	click:channel11	CompletionTime: undefined	ErrorCount: undefined	DwellSelectionCount: undefined	MouseClickCount: undefined
03/29 21:29:03:457	#0	event:null	target:null	click:channel11	CompletionTime: undefined	ErrorCount: undefined	DwellSelectionCount: undefined	MouseClickCount: undefined
03/29 21:29:12:448	#0	event:null	target:null	click:main-video	CompletionTime: undefined	ErrorCount: undefined	DwellSelectionCount: undefined	MouseClickCount: undefined
03/29 21:29:12:554	#0	event:null	target:null	click:main-video	CompletionTime: undefined	ErrorCount: undefined	DwellSelectionCount: undefined	MouseClickCount: undefined
03/29 21:29:13:668	#0	event:null	target:null	click:main-video	CompletionTime: undefined	ErrorCount: undefined	DwellSelectionCount: undefined	MouseClickCount: undefined
03/29 21:29:13:723	#0	event:null	target:null	click:main-video	CompletionTime: undefined	ErrorCount: undefined	DwellSelectionCount: undefined	MouseClickCount: undefined
03/29 21:29:14:185	#0	event:null	target:null	click:main-video	CompletionTime: undefined	ErrorCount: undefined	DwellSelectionCount: undefined	MouseClickCount: undefined
03/29 21:29:14:202	#0	event:null	target:null	click:main-video	CompletionTime: undefined	ErrorCount: undefined	DwellSelectionCount: undefined	MouseClickCount: undefined
03/29 21:29:14:701	#0	event:null	target:null	click:main-video	CompletionTime: undefined	ErrorCount: undefined	DwellSelectionCount: undefined	MouseClickCount: undefined
03/29 21:29:14:728	#0	event:null	target:null	click:main-video	CompletionTime: undefined	ErrorCount: undefined	DwellSelectionCount: undefined	MouseClickCount: undefined
03/29 21:31:26:989	#0	event:null	target:null	click:main-video	CompletionTime: undefined	ErrorCount: undefined	DwellSelectionCount: undefined	MouseClickCount: undefined
