03/23 17:42:09:732	trials start ( EyeGesture ), size: 16, spacing: 1
03/23 17:42:24:779	#1	event:timeout	target:blk_7_12	click:null	CompletionTime: -1	ErrorCount: 1	DwellSelectionCount: 8	MouseClickCount: 0
03/23 17:42:39:752	#2	event:timeout	target:blk_8_9	click:null	CompletionTime: -1	ErrorCount: 1	DwellSelectionCount: 6	MouseClickCount: 0
03/23 17:42:54:753	#3	event:timeout	target:blk_8_6	click:null	CompletionTime: -1	ErrorCount: 1	DwellSelectionCount: 10	MouseClickCount: 0
03/23 17:43:09:754	#4	event:timeout	target:blk_8_3	click:null	CompletionTime: -1	ErrorCount: 1	DwellSelectionCount: 20	MouseClickCount: 0
03/23 17:43:24:756	#5	event:timeout	target:blk_6_7	click:null	CompletionTime: -1	ErrorCount: 1	DwellSelectionCount: 16	MouseClickCount: 0
03/23 17:43:39:759	#6	event:timeout	target:blk_7_3	click:null	CompletionTime: -1	ErrorCount: 1	DwellSelectionCount: 11	MouseClickCount: 0
03/23 17:43:54:760	#7	event:timeout	target:blk_10_9	click:null	CompletionTime: -1	ErrorCount: 1	DwellSelectionCount: 12	MouseClickCount: 0
03/23 17:44:09:779	#8	event:timeout	target:blk_8_7	click:null	CompletionTime: -1	ErrorCount: 1	DwellSelectionCount: 17	MouseClickCount: 0
03/23 17:44:13:565	trial end
03/23 17:44:16:743	trials start ( EyeGesture ), size: 32, spacing: 0.5
03/23 17:44:24:234	#1	event:timeout	target:blk_7_12	click:blk_7_12	CompletionTime: 6167	ErrorCount: 0	DwellSelectionCount: 11	MouseClickCount: 0
03/23 17:44:39:442	#2	event:timeout	target:blk_9_11	click:null	CompletionTime: -1	ErrorCount: 1	DwellSelectionCount: 17	MouseClickCount: 0
03/23 17:44:54:440	#3	event:timeout	target:blk_11_9	click:null	CompletionTime: -1	ErrorCount: 1	DwellSelectionCount: 12	MouseClickCount: 0
03/23 17:45:09:441	#4	event:timeout	target:blk_9_11	click:null	CompletionTime: -1	ErrorCount: 1	DwellSelectionCount: 16	MouseClickCount: 0
03/23 17:45:24:451	#5	event:timeout	target:blk_6_5	click:null	CompletionTime: -1	ErrorCount: 1	DwellSelectionCount: 33	MouseClickCount: 0
03/23 17:45:39:452	#6	event:timeout	target:blk_9_3	click:null	CompletionTime: -1	ErrorCount: 1	DwellSelectionCount: 25	MouseClickCount: 0
03/23 17:45:54:454	#7	event:timeout	target:blk_6_8	click:null	CompletionTime: -1	ErrorCount: 1	DwellSelectionCount: 21	MouseClickCount: 0
03/23 17:46:09:455	#8	event:timeout	target:blk_9_6	click:null	CompletionTime: -1	ErrorCount: 1	DwellSelectionCount: 19	MouseClickCount: 0
03/23 17:46:13:163	trial end
03/23 17:46:16:519	trials start ( EyeGesture ), size: 16, spacing: 0.5
03/23 17:46:31:607	#1	event:timeout	target:blk_7_12	click:null	CompletionTime: -1	ErrorCount: 1	DwellSelectionCount: 9	MouseClickCount: 0
03/23 17:46:46:608	#2	event:timeout	target:blk_7_9	click:null	CompletionTime: -1	ErrorCount: 1	DwellSelectionCount: 10	MouseClickCount: 0
03/23 17:46:59:600	#3	event:timeout	target:blk_5_11	click:blk_5_11	CompletionTime: 11781	ErrorCount: 0	DwellSelectionCount: 17	MouseClickCount: 0
03/23 17:47:12:826	#4	event:timeout	target:blk_3_8	click:blk_3_8	CompletionTime: 11720	ErrorCount: 0	DwellSelectionCount: 22	MouseClickCount: 0
03/23 17:47:28:017	#5	event:timeout	target:blk_5_6	click:null	CompletionTime: -1	ErrorCount: 1	DwellSelectionCount: 24	MouseClickCount: 0
03/23 17:47:43:018	#6	event:timeout	target:blk_11_10	click:null	CompletionTime: -1	ErrorCount: 1	DwellSelectionCount: 24	MouseClickCount: 0
03/23 17:47:58:020	#7	event:timeout	target:blk_9_6	click:null	CompletionTime: -1	ErrorCount: 1	DwellSelectionCount: 3	MouseClickCount: 0
03/23 17:48:13:019	#8	event:timeout	target:blk_10_9	click:null	CompletionTime: -1	ErrorCount: 1	DwellSelectionCount: 0	MouseClickCount: 0
03/23 17:48:16:435	trial end
03/23 17:48:48:855	trials start ( EyeGesture ), size: 16, spacing: 0
03/23 17:49:03:871	#1	event:timeout	target:blk_7_12	click:null	CompletionTime: -1	ErrorCount: 1	DwellSelectionCount: 6	MouseClickCount: 0
03/23 17:49:18:893	#2	event:timeout	target:blk_9_11	click:null	CompletionTime: -1	ErrorCount: 1	DwellSelectionCount: 12	MouseClickCount: 0
03/23 17:49:33:890	#3	event:timeout	target:blk_11_10	click:null	CompletionTime: -1	ErrorCount: 1	DwellSelectionCount: 20	MouseClickCount: 0
03/23 17:49:48:892	#4	event:timeout	target:blk_6_11	click:null	CompletionTime: -1	ErrorCount: 1	DwellSelectionCount: 9	MouseClickCount: 0
03/23 17:50:03:892	#5	event:timeout	target:blk_7_5	click:null	CompletionTime: -1	ErrorCount: 1	DwellSelectionCount: 24	MouseClickCount: 0
03/23 17:50:18:902	#6	event:timeout	target:blk_5_2	click:null	CompletionTime: -1	ErrorCount: 1	DwellSelectionCount: 30	MouseClickCount: 0
03/23 17:50:25:407	#7	event:timeout	target:blk_8_5	click:blk_8_5	CompletionTime: 5134	ErrorCount: 0	DwellSelectionCount: 11	MouseClickCount: 0
03/23 17:50:40:621	#8	event:timeout	target:blk_6_2	click:null	CompletionTime: -1	ErrorCount: 1	DwellSelectionCount: 12	MouseClickCount: 0
03/23 17:50:43:452	trial end
03/23 17:50:46:661	trials start ( EyeGesture ), size: 48, spacing: 0.5
03/23 17:51:01:723	#1	event:timeout	target:blk_7_12	click:null	CompletionTime: -1	ErrorCount: 1	DwellSelectionCount: 24	MouseClickCount: 0
03/23 17:51:16:724	#2	event:timeout	target:blk_9_11	click:null	CompletionTime: -1	ErrorCount: 1	DwellSelectionCount: 31	MouseClickCount: 0
03/23 17:51:31:735	#3	event:timeout	target:blk_11_9	click:null	CompletionTime: -1	ErrorCount: 1	DwellSelectionCount: 21	MouseClickCount: 0
03/23 17:51:46:737	#4	event:timeout	target:blk_8_11	click:null	CompletionTime: -1	ErrorCount: 1	DwellSelectionCount: 20	MouseClickCount: 0
03/23 17:52:01:738	#5	event:timeout	target:blk_11_11	click:null	CompletionTime: -1	ErrorCount: 1	DwellSelectionCount: 31	MouseClickCount: 0
03/23 17:52:16:739	#6	event:timeout	target:blk_11_7	click:null	CompletionTime: -1	ErrorCount: 1	DwellSelectionCount: 14	MouseClickCount: 0
03/23 17:52:31:740	#7	event:timeout	target:blk_8_3	click:null	CompletionTime: -1	ErrorCount: 1	DwellSelectionCount: 31	MouseClickCount: 0
03/23 17:52:46:741	#8	event:timeout	target:blk_9_10	click:null	CompletionTime: -1	ErrorCount: 1	DwellSelectionCount: 9	MouseClickCount: 0
03/23 17:52:49:411	trial end
03/23 17:52:51:151	trials start ( EyeGesture ), size: 32, spacing: 1
03/23 17:53:06:314	#1	event:timeout	target:blk_7_12	click:null	CompletionTime: -1	ErrorCount: 1	DwellSelectionCount: 17	MouseClickCount: 0
03/23 17:53:11:729	#2	event:timeout	target:blk_6_10	click:blk_5_10	CompletionTime: 4084	ErrorCount: 1	DwellSelectionCount: 8	MouseClickCount: 0
03/23 17:53:26:932	#3	event:timeout	target:blk_9_8	click:null	CompletionTime: -1	ErrorCount: 1	DwellSelectionCount: 1	MouseClickCount: 0
03/23 17:53:41:956	#4	event:timeout	target:blk_9_4	click:null	CompletionTime: -1	ErrorCount: 1	DwellSelectionCount: 10	MouseClickCount: 0
03/23 17:53:56:959	#5	event:timeout	target:blk_11_2	click:null	CompletionTime: -1	ErrorCount: 1	DwellSelectionCount: 9	MouseClickCount: 0
03/23 17:54:11:959	#6	event:timeout	target:blk_7_7	click:null	CompletionTime: -1	ErrorCount: 1	DwellSelectionCount: 1	MouseClickCount: 0
03/23 17:54:33:326	trials start ( EyeGesture ), size: 32, spacing: 1
03/23 17:54:48:347	#1	event:timeout	target:blk_7_12	click:null	CompletionTime: -1	ErrorCount: 1	DwellSelectionCount: 21	MouseClickCount: 0
03/23 17:55:03:355	#2	event:timeout	target:blk_9_11	click:null	CompletionTime: -1	ErrorCount: 1	DwellSelectionCount: 29	MouseClickCount: 0
03/23 17:55:18:355	#3	event:timeout	target:blk_10_9	click:null	CompletionTime: -1	ErrorCount: 1	DwellSelectionCount: 25	MouseClickCount: 0
03/23 17:55:33:356	#4	event:timeout	target:blk_11_7	click:null	CompletionTime: -1	ErrorCount: 1	DwellSelectionCount: 26	MouseClickCount: 0
03/23 17:55:48:361	#5	event:timeout	target:blk_10_5	click:null	CompletionTime: -1	ErrorCount: 1	DwellSelectionCount: 18	MouseClickCount: 0
03/23 17:56:03:378	#6	event:timeout	target:blk_7_9	click:null	CompletionTime: -1	ErrorCount: 1	DwellSelectionCount: 25	MouseClickCount: 0
03/23 17:56:18:381	#7	event:timeout	target:blk_9_4	click:null	CompletionTime: -1	ErrorCount: 1	DwellSelectionCount: 19	MouseClickCount: 0
03/23 17:56:33:380	#8	event:timeout	target:blk_2_6	click:null	CompletionTime: -1	ErrorCount: 1	DwellSelectionCount: 1	MouseClickCount: 0
03/23 17:56:35:753	trial end
03/23 17:56:37:334	trials start ( EyeGesture ), size: 32, spacing: 0
03/23 17:57:06:331	trials start ( EyeGesture ), size: 32, spacing: 0
03/23 17:57:21:348	#1	event:timeout	target:blk_7_12	click:null	CompletionTime: -1	ErrorCount: 1	DwellSelectionCount: 13	MouseClickCount: 0
03/23 17:57:36:350	#2	event:timeout	target:blk_9_10	click:null	CompletionTime: -1	ErrorCount: 1	DwellSelectionCount: 25	MouseClickCount: 0
03/23 17:57:43:676	#3	event:timeout	target:blk_9_7	click:blk_9_7	CompletionTime: 5906	ErrorCount: 0	DwellSelectionCount: 16	MouseClickCount: 0
03/23 17:57:58:879	#4	event:timeout	target:blk_8_10	click:null	CompletionTime: -1	ErrorCount: 1	DwellSelectionCount: 28	MouseClickCount: 0
03/23 17:58:13:882	#5	event:timeout	target:blk_6_5	click:null	CompletionTime: -1	ErrorCount: 1	DwellSelectionCount: 13	MouseClickCount: 0
03/23 17:58:28:885	#6	event:timeout	target:blk_6_2	click:null	CompletionTime: -1	ErrorCount: 1	DwellSelectionCount: 24	MouseClickCount: 0
03/23 17:58:43:888	#7	event:timeout	target:blk_11_2	click:null	CompletionTime: -1	ErrorCount: 1	DwellSelectionCount: 26	MouseClickCount: 0
03/23 17:58:58:899	#8	event:timeout	target:blk_10_7	click:null	CompletionTime: -1	ErrorCount: 1	DwellSelectionCount: 11	MouseClickCount: 0
03/23 17:59:02:761	trial end
03/23 17:59:04:616	trials start ( EyeGesture ), size: 48, spacing: 0
03/23 17:59:19:717	#1	event:timeout	target:blk_7_12	click:null	CompletionTime: -1	ErrorCount: 1	DwellSelectionCount: 18	MouseClickCount: 0
03/23 17:59:27:239	#2	event:timeout	target:blk_9_9	click:blk_9_9	CompletionTime: 6282	ErrorCount: 0	DwellSelectionCount: 17	MouseClickCount: 0
03/23 17:59:40:836	#3	event:timeout	target:blk_6_10	click:blk_6_10	CompletionTime: 12221	ErrorCount: 0	DwellSelectionCount: 12	MouseClickCount: 0
03/23 17:59:56:039	#4	event:timeout	target:blk_9_6	click:null	CompletionTime: -1	ErrorCount: 1	DwellSelectionCount: 11	MouseClickCount: 0
03/23 18:00:11:055	#5	event:timeout	target:blk_6_9	click:null	CompletionTime: -1	ErrorCount: 1	DwellSelectionCount: 18	MouseClickCount: 0
03/23 18:00:26:058	#6	event:timeout	target:blk_10_11	click:null	CompletionTime: -1	ErrorCount: 1	DwellSelectionCount: 26	MouseClickCount: 0
03/23 18:00:41:059	#7	event:timeout	target:blk_10_7	click:null	CompletionTime: -1	ErrorCount: 1	DwellSelectionCount: 23	MouseClickCount: 0
03/23 18:00:51:031	#8	event:timeout	target:blk_10_10	click:blk_11_10	CompletionTime: 8583	ErrorCount: 1	DwellSelectionCount: 20	MouseClickCount: 0
03/23 18:00:51:234	trial end
03/23 18:00:55:882	trials start ( EyeGesture ), size: 48, spacing: 1
03/23 18:01:11:035	#1	event:timeout	target:blk_7_12	click:null	CompletionTime: -1	ErrorCount: 1	DwellSelectionCount: 13	MouseClickCount: 0
03/23 18:01:26:038	#2	event:timeout	target:blk_8_10	click:null	CompletionTime: -1	ErrorCount: 1	DwellSelectionCount: 16	MouseClickCount: 0
03/23 18:01:30:004	#3	event:timeout	target:blk_10_9	click:blk_8_10	CompletionTime: 2502	ErrorCount: 1	DwellSelectionCount: 7	MouseClickCount: 0
03/23 18:01:45:207	#4	event:timeout	target:blk_10_6	click:null	CompletionTime: -1	ErrorCount: 1	DwellSelectionCount: 33	MouseClickCount: 0
03/23 18:02:00:215	#5	event:timeout	target:blk_8_8	click:null	CompletionTime: -1	ErrorCount: 1	DwellSelectionCount: 24	MouseClickCount: 0
03/23 18:02:15:254	#6	event:timeout	target:blk_5_3	click:null	CompletionTime: -1	ErrorCount: 1	DwellSelectionCount: 24	MouseClickCount: 0
03/23 18:02:25:358	#7	event:timeout	target:blk_9_5	click:blk_9_5	CompletionTime: 8560	ErrorCount: 0	DwellSelectionCount: 23	MouseClickCount: 0
03/23 18:02:40:561	#8	event:timeout	target:blk_6_11	click:null	CompletionTime: -1	ErrorCount: 1	DwellSelectionCount: 25	MouseClickCount: 0
03/23 18:02:43:878	trial end
