03/23 16:08:21:526	trials start ( dwell ), size: 16, spacing: 1
03/23 16:08:36:153	#1	event:null	target:blk_7_12	click:blk_9_13	CompletionTime: 13197	ErrorCount: 1	DwellSelectionCount: 11	MouseClickCount: 0
03/23 16:08:51:356	#2	event:timeout	target:blk_9_11	click:null	CompletionTime: -1	ErrorCount: 1	DwellSelectionCount: 4	MouseClickCount: 0
03/23 16:09:06:357	#3	event:timeout	target:blk_11_10	click:null	CompletionTime: -1	ErrorCount: 1	DwellSelectionCount: 9	MouseClickCount: 0
03/23 16:09:21:360	#4	event:timeout	target:blk_9_11	click:null	CompletionTime: -1	ErrorCount: 1	DwellSelectionCount: 8	MouseClickCount: 0
03/23 16:09:36:362	#5	event:timeout	target:blk_10_9	click:null	CompletionTime: -1	ErrorCount: 1	DwellSelectionCount: 5	MouseClickCount: 0
03/23 16:09:51:367	#6	event:timeout	target:blk_10_2	click:null	CompletionTime: -1	ErrorCount: 1	DwellSelectionCount: 6	MouseClickCount: 0
03/23 16:10:03:843	#7	event:timeout	target:blk_10_8	click:blk_11_8	CompletionTime: 10826	ErrorCount: 1	DwellSelectionCount: 8	MouseClickCount: 0
03/23 16:10:19:044	#8	event:timeout	target:blk_8_4	click:null	CompletionTime: -1	ErrorCount: 1	DwellSelectionCount: 9	MouseClickCount: 0
03/23 16:10:31:359	trial end
03/23 16:10:33:712	trials start ( dwell ), size: 48, spacing: 0.5
03/23 16:10:48:798	#1	event:timeout	target:blk_7_12	click:null	CompletionTime: -1	ErrorCount: 1	DwellSelectionCount: 28	MouseClickCount: 0
03/23 16:10:52:718	#2	event:timeout	target:blk_5_11	click:blk_5_11	CompletionTime: 2288	ErrorCount: 0	DwellSelectionCount: 8	MouseClickCount: 0
03/23 16:11:00:897	#3	event:timeout	target:blk_6_9	click:blk_6_9	CompletionTime: 6337	ErrorCount: 0	DwellSelectionCount: 13	MouseClickCount: 0
03/23 16:11:09:269	#4	event:timeout	target:blk_8_11	click:blk_8_11	CompletionTime: 6736	ErrorCount: 0	DwellSelectionCount: 13	MouseClickCount: 0
03/23 16:11:24:472	#5	event:timeout	target:blk_11_7	click:null	CompletionTime: -1	ErrorCount: 1	DwellSelectionCount: 30	MouseClickCount: 0
03/23 16:11:27:357	#6	event:timeout	target:blk_9_9	click:blk_9_9	CompletionTime: 1576	ErrorCount: 0	DwellSelectionCount: 3	MouseClickCount: 0
03/23 16:11:31:548	#7	event:timeout	target:blk_9_4	click:blk_9_4	CompletionTime: 2382	ErrorCount: 0	DwellSelectionCount: 5	MouseClickCount: 0
03/23 16:11:41:897	#8	event:timeout	target:blk_5_10	click:blk_5_9	CompletionTime: 8521	ErrorCount: 1	DwellSelectionCount: 22	MouseClickCount: 0
03/23 16:11:42:098	trial end
03/23 16:11:48:451	trials start ( dwell ), size: 16, spacing: 0.5
03/23 16:11:49:822	#1	event:timeout	target:blk_7_12	click:blk_5_9	CompletionTime: 9	ErrorCount: 1	DwellSelectionCount: 0	MouseClickCount: 0
03/23 16:12:05:025	#2	event:timeout	target:blk_6_10	click:null	CompletionTime: -1	ErrorCount: 1	DwellSelectionCount: 14	MouseClickCount: 0
03/23 16:12:07:321	#3	event:timeout	target:blk_6_6	click:blk_7_6	CompletionTime: 945	ErrorCount: 1	DwellSelectionCount: 1	MouseClickCount: 0
03/23 16:12:16:677	#4	event:timeout	target:blk_6_3	click:blk_6_3	CompletionTime: 7747	ErrorCount: 0	DwellSelectionCount: 11	MouseClickCount: 0
03/23 16:12:23:892	#5	event:timeout	target:blk_7_9	click:blk_8_9	CompletionTime: 5562	ErrorCount: 1	DwellSelectionCount: 10	MouseClickCount: 0
03/23 16:12:33:644	#6	event:timeout	target:blk_3_11	click:blk_3_10	CompletionTime: 7939	ErrorCount: 1	DwellSelectionCount: 9	MouseClickCount: 0
03/23 16:12:41:446	#7	event:timeout	target:blk_5_10	click:blk_5_9	CompletionTime: 6007	ErrorCount: 1	DwellSelectionCount: 9	MouseClickCount: 0
03/23 16:12:56:647	#8	event:timeout	target:blk_9_8	click:null	CompletionTime: -1	ErrorCount: 1	DwellSelectionCount: 11	MouseClickCount: 0
03/23 16:12:59:725	trial end
03/23 16:13:15:067	trials start ( dwell ), size: 32, spacing: 0
03/23 16:13:30:176	#1	event:timeout	target:blk_7_12	click:null	CompletionTime: -1	ErrorCount: 1	DwellSelectionCount: 7	MouseClickCount: 0
03/23 16:14:20:248	trials start ( dwell ), size: 32, spacing: 0
03/23 16:14:26:117	#1	event:null	target:blk_7_12	click:blk_5_11	CompletionTime: 4534	ErrorCount: 1	DwellSelectionCount: 7	MouseClickCount: 0
03/23 16:14:28:657	#2	event:null	target:blk_9_10	click:blk_10_10	CompletionTime: 716	ErrorCount: 1	DwellSelectionCount: 2	MouseClickCount: 0
03/23 16:14:41:438	#3	event:null	target:blk_11_7	click:blk_12_7	CompletionTime: 11192	ErrorCount: 1	DwellSelectionCount: 22	MouseClickCount: 0
03/23 16:14:56:640	#4	event:timeout	target:blk_11_10	click:null	CompletionTime: -1	ErrorCount: 1	DwellSelectionCount: 34	MouseClickCount: 0
03/23 16:15:02:424	#5	event:timeout	target:blk_11_7	click:blk_11_6	CompletionTime: 4398	ErrorCount: 1	DwellSelectionCount: 10	MouseClickCount: 0
03/23 16:15:07:266	#6	event:timeout	target:blk_11_10	click:blk_11_10	CompletionTime: 3193	ErrorCount: 0	DwellSelectionCount: 8	MouseClickCount: 0
03/23 16:15:12:801	#7	event:timeout	target:blk_8_6	click:blk_7_6	CompletionTime: 4044	ErrorCount: 1	DwellSelectionCount: 6	MouseClickCount: 0
03/23 16:15:18:306	#8	event:timeout	target:blk_2_11	click:blk_3_11	CompletionTime: 2527	ErrorCount: 1	DwellSelectionCount: 6	MouseClickCount: 0
03/23 16:15:18:509	trial end
03/23 16:15:29:130	trials start ( dwell ), size: 48, spacing: 0
03/23 16:15:32:429	#1	event:timeout	target:blk_7_12	click:blk_8_12	CompletionTime: 1839	ErrorCount: 1	DwellSelectionCount: 5	MouseClickCount: 0
03/23 16:15:42:815	#2	event:timeout	target:blk_9_11	click:blk_9_12	CompletionTime: 8558	ErrorCount: 1	DwellSelectionCount: 21	MouseClickCount: 0
03/23 16:15:44:480	#3	event:timeout	target:blk_11_9	click:blk_9_12	CompletionTime: 4	ErrorCount: 1	DwellSelectionCount: 2	MouseClickCount: 0
03/23 16:15:53:812	#4	event:timeout	target:blk_9_11	click:blk_9_15	CompletionTime: 7509	ErrorCount: 1	DwellSelectionCount: 11	MouseClickCount: 0
03/23 16:16:09:013	#5	event:timeout	target:blk_11_9	click:null	CompletionTime: -1	ErrorCount: 1	DwellSelectionCount: 23	MouseClickCount: 0
03/23 16:16:24:015	#6	event:timeout	target:blk_10_11	click:null	CompletionTime: -1	ErrorCount: 1	DwellSelectionCount: 24	MouseClickCount: 0
03/23 16:16:26:869	#7	event:timeout	target:blk_4_8	click:blk_4_8	CompletionTime: 1032	ErrorCount: 0	DwellSelectionCount: 1	MouseClickCount: 0
03/23 16:16:32:107	#8	event:timeout	target:blk_11_10	click:blk_12_10	CompletionTime: 3488	ErrorCount: 1	DwellSelectionCount: 10	MouseClickCount: 0
03/23 16:16:32:306	trial end
03/23 16:16:40:378	trials start ( dwell ), size: 32, spacing: 1
03/23 16:16:45:814	#1	event:timeout	target:blk_7_12	click:blk_6_10	CompletionTime: 4026	ErrorCount: 1	DwellSelectionCount: 3	MouseClickCount: 0
03/23 16:16:48:977	#2	event:timeout	target:blk_5_9	click:blk_5_9	CompletionTime: 1380	ErrorCount: 0	DwellSelectionCount: 4	MouseClickCount: 0
03/23 16:16:52:878	#3	event:timeout	target:blk_7_7	click:blk_7_7	CompletionTime: 2306	ErrorCount: 0	DwellSelectionCount: 3	MouseClickCount: 0
03/23 16:16:55:272	#4	event:timeout	target:blk_9_10	click:blk_8_10	CompletionTime: 654	ErrorCount: 1	DwellSelectionCount: 2	MouseClickCount: 0
03/23 16:17:05:029	#5	event:timeout	target:blk_7_7	click:blk_5_6	CompletionTime: 8116	ErrorCount: 1	DwellSelectionCount: 18	MouseClickCount: 0
03/23 16:17:11:296	#6	event:timeout	target:blk_7_4	click:blk_9_5	CompletionTime: 4690	ErrorCount: 1	DwellSelectionCount: 6	MouseClickCount: 0
03/23 16:17:13:463	#7	event:timeout	target:blk_10_3	click:blk_10_3	CompletionTime: 504	ErrorCount: 0	DwellSelectionCount: 0	MouseClickCount: 0
03/23 16:17:28:669	#8	event:timeout	target:blk_6_8	click:null	CompletionTime: -1	ErrorCount: 1	DwellSelectionCount: 29	MouseClickCount: 0
03/23 16:17:32:885	trial end
03/23 16:17:36:878	trials start ( dwell ), size: 32, spacing: 0.5
03/23 16:17:41:094	#1	event:timeout	target:blk_7_12	click:blk_4_11	CompletionTime: 2829	ErrorCount: 1	DwellSelectionCount: 2	MouseClickCount: 0
03/23 16:17:44:748	#2	event:timeout	target:blk_8_10	click:blk_9_10	CompletionTime: 1847	ErrorCount: 1	DwellSelectionCount: 1	MouseClickCount: 0
03/23 16:17:52:057	#3	event:timeout	target:blk_10_8	click:blk_9_8	CompletionTime: 5754	ErrorCount: 1	DwellSelectionCount: 1	MouseClickCount: 0
03/23 16:18:02:765	#4	event:timeout	target:blk_8_10	click:blk_11_11	CompletionTime: 9069	ErrorCount: 1	DwellSelectionCount: 3	MouseClickCount: 0
03/23 16:18:12:075	#5	event:timeout	target:blk_6_7	click:blk_7_7	CompletionTime: 7588	ErrorCount: 1	DwellSelectionCount: 8	MouseClickCount: 0
03/23 16:18:27:280	#6	event:timeout	target:blk_11_3	click:null	CompletionTime: -1	ErrorCount: 1	DwellSelectionCount: 23	MouseClickCount: 0
03/23 16:18:31:969	#7	event:timeout	target:blk_8_5	click:blk_8_6	CompletionTime: 3045	ErrorCount: 1	DwellSelectionCount: 5	MouseClickCount: 0
03/23 16:18:47:172	#8	event:timeout	target:blk_11_9	click:null	CompletionTime: -1	ErrorCount: 1	DwellSelectionCount: 29	MouseClickCount: 0
03/23 16:18:50:252	trial end
03/23 16:28:53:147	trials start ( dwell ), size: 16, spacing: 0
03/23 16:29:08:170	#1	event:timeout	target:blk_7_12	click:null	CompletionTime: -1	ErrorCount: 1	DwellSelectionCount: 19	MouseClickCount: 0
03/23 16:29:10:422	#2	event:timeout	target:blk_10_11	click:blk_11_11	CompletionTime: 561	ErrorCount: 1	DwellSelectionCount: 2	MouseClickCount: 0
03/23 16:29:25:628	#3	event:timeout	target:blk_8_8	click:null	CompletionTime: -1	ErrorCount: 1	DwellSelectionCount: 10	MouseClickCount: 0
03/23 16:29:40:632	#4	event:timeout	target:blk_11_8	click:null	CompletionTime: -1	ErrorCount: 1	DwellSelectionCount: 7	MouseClickCount: 0
03/23 16:29:55:632	#5	event:timeout	target:blk_9_3	click:null	CompletionTime: -1	ErrorCount: 1	DwellSelectionCount: 19	MouseClickCount: 0
03/23 16:30:04:383	#6	event:timeout	target:blk_7_6	click:blk_7_5	CompletionTime: 7276	ErrorCount: 1	DwellSelectionCount: 9	MouseClickCount: 0
03/23 16:30:19:585	#7	event:timeout	target:blk_11_6	click:null	CompletionTime: -1	ErrorCount: 1	DwellSelectionCount: 13	MouseClickCount: 0
03/23 16:30:34:591	#8	event:timeout	target:blk_9_9	click:null	CompletionTime: -1	ErrorCount: 1	DwellSelectionCount: 5	MouseClickCount: 0
03/23 16:30:38:166	trial end
03/23 16:30:42:653	trials start ( dwell ), size: 48, spacing: 1
03/23 16:30:45:195	#1	event:timeout	target:blk_7_12	click:blk_7_12	CompletionTime: 1241	ErrorCount: 0	DwellSelectionCount: 4	MouseClickCount: 0
03/23 16:30:46:938	#2	event:timeout	target:blk_9_11	click:blk_7_12	CompletionTime: 2	ErrorCount: 1	DwellSelectionCount: 2	MouseClickCount: 0
03/23 16:31:02:142	#3	event:timeout	target:blk_11_10	click:null	CompletionTime: -1	ErrorCount: 1	DwellSelectionCount: 27	MouseClickCount: 0
03/23 16:31:07:773	#4	event:timeout	target:blk_10_8	click:blk_9_8	CompletionTime: 4007	ErrorCount: 1	DwellSelectionCount: 8	MouseClickCount: 0
03/23 16:31:11:701	#5	event:timeout	target:blk_10_5	click:blk_5_3	CompletionTime: 2409	ErrorCount: 1	DwellSelectionCount: 4	MouseClickCount: 0
03/23 16:31:24:557	#6	event:timeout	target:blk_8_9	click:blk_6_12	CompletionTime: 11206	ErrorCount: 1	DwellSelectionCount: 3	MouseClickCount: 0
03/23 16:31:39:760	#7	event:timeout	target:blk_10_3	click:null	CompletionTime: -1	ErrorCount: 1	DwellSelectionCount: 15	MouseClickCount: 0
03/23 16:31:54:762	#8	event:timeout	target:blk_4_4	click:null	CompletionTime: -1	ErrorCount: 1	DwellSelectionCount: 1	MouseClickCount: 0
03/23 16:32:00:977	trial end
