03/23 16:50:27:255	trials start ( swipe ), size: 16, spacing: 1
03/23 16:50:38:869	#1	event:null	target:blk_7_12	click:blk_7_12	CompletionTime: 10015	ErrorCount: 0	DwellSelectionCount: 11	MouseClickCount: 0
03/23 16:50:43:955	#2	event:null	target:blk_5_9	click:blk_5_9	CompletionTime: 3033	ErrorCount: 0	DwellSelectionCount: 5	MouseClickCount: 0
03/23 16:50:49:766	#3	event:null	target:blk_7_7	click:blk_7_7	CompletionTime: 3655	ErrorCount: 0	DwellSelectionCount: 2	MouseClickCount: 0
03/23 16:50:58:035	#4	event:null	target:blk_9_9	click:blk_9_9	CompletionTime: 6348	ErrorCount: 0	DwellSelectionCount: 9	MouseClickCount: 0
03/23 16:51:11:184	#5	event:null	target:blk_11_5	click:blk_11_5	CompletionTime: 10915	ErrorCount: 0	DwellSelectionCount: 4	MouseClickCount: 0
03/23 16:51:15:779	#6	event:null	target:blk_9_8	click:blk_9_8	CompletionTime: 2185	ErrorCount: 0	DwellSelectionCount: 4	MouseClickCount: 0
03/23 16:51:20:498	#7	event:null	target:blk_10_3	click:blk_10_3	CompletionTime: 2888	ErrorCount: 0	DwellSelectionCount: 4	MouseClickCount: 0
03/23 16:51:26:128	#8	event:null	target:blk_10_8	click:blk_10_8	CompletionTime: 3923	ErrorCount: 0	DwellSelectionCount: 1	MouseClickCount: 0
03/23 16:51:26:330	trial end
03/23 16:51:35:442	trials start ( swipe ), size: 16, spacing: 0
03/23 16:51:41:096	#1	event:null	target:blk_7_12	click:blk_7_12	CompletionTime: 4012	ErrorCount: 0	DwellSelectionCount: 4	MouseClickCount: 0
03/23 16:51:51:136	#2	event:null	target:blk_9_10	click:blk_9_10	CompletionTime: 7933	ErrorCount: 0	DwellSelectionCount: 4	MouseClickCount: 0
03/23 16:51:57:339	#3	event:null	target:blk_11_5	click:blk_11_5	CompletionTime: 4378	ErrorCount: 0	DwellSelectionCount: 1	MouseClickCount: 0
03/23 16:52:01:900	#4	event:null	target:blk_10_8	click:blk_10_8	CompletionTime: 2540	ErrorCount: 0	DwellSelectionCount: 4	MouseClickCount: 0
03/23 16:52:15:227	#5	event:null	target:blk_5_3	click:blk_5_3	CompletionTime: 10785	ErrorCount: 0	DwellSelectionCount: 12	MouseClickCount: 0
03/23 16:52:19:226	#6	event:null	target:blk_3_5	click:blk_3_5	CompletionTime: 1812	ErrorCount: 0	DwellSelectionCount: 4	MouseClickCount: 0
03/23 16:52:23:183	#7	event:null	target:blk_6_4	click:blk_6_4	CompletionTime: 2154	ErrorCount: 0	DwellSelectionCount: 4	MouseClickCount: 0
03/23 16:52:29:570	#8	event:null	target:blk_9_5	click:blk_9_5	CompletionTime: 4546	ErrorCount: 0	DwellSelectionCount: 6	MouseClickCount: 0
03/23 16:52:29:771	trial end
03/23 16:52:35:415	trials start ( swipe ), size: 32, spacing: 0
03/23 16:52:41:781	#1	event:null	target:blk_7_12	click:blk_7_12	CompletionTime: 4566	ErrorCount: 0	DwellSelectionCount: 6	MouseClickCount: 0
03/23 16:52:56:998	#2	event:timeout	target:blk_8_10	click:null	CompletionTime: -1	ErrorCount: 1	DwellSelectionCount: 5	MouseClickCount: 0
03/23 16:53:12:026	#3	event:timeout	target:blk_7_7	click:null	CompletionTime: -1	ErrorCount: 1	DwellSelectionCount: 18	MouseClickCount: 0
03/23 16:53:26:827	trials start ( swipe ), size: 32, spacing: 0
03/23 16:53:31:647	#1	event:null	target:blk_7_12	click:blk_7_12	CompletionTime: 3206	ErrorCount: 0	DwellSelectionCount: 6	MouseClickCount: 0
03/23 16:53:41:564	#2	event:null	target:blk_6_10	click:blk_6_10	CompletionTime: 7717	ErrorCount: 0	DwellSelectionCount: 10	MouseClickCount: 0
03/23 16:53:46:499	#3	event:null	target:blk_8_9	click:blk_8_9	CompletionTime: 2695	ErrorCount: 0	DwellSelectionCount: 8	MouseClickCount: 0
03/23 16:53:52:845	#4	event:null	target:blk_11_11	click:blk_11_11	CompletionTime: 4371	ErrorCount: 0	DwellSelectionCount: 3	MouseClickCount: 0
03/23 16:54:00:380	#5	event:null	target:blk_11_7	click:blk_11_7	CompletionTime: 5470	ErrorCount: 0	DwellSelectionCount: 13	MouseClickCount: 0
03/23 16:54:09:200	#6	event:null	target:blk_8_10	click:blk_8_10	CompletionTime: 6989	ErrorCount: 0	DwellSelectionCount: 9	MouseClickCount: 0
03/23 16:54:18:366	#7	event:null	target:blk_8_6	click:blk_8_6	CompletionTime: 7309	ErrorCount: 0	DwellSelectionCount: 12	MouseClickCount: 0
03/23 16:54:24:381	#8	event:null	target:blk_2_9	click:blk_2_9	CompletionTime: 3653	ErrorCount: 0	DwellSelectionCount: 7	MouseClickCount: 0
03/23 16:54:24:601	trial end
03/23 16:54:31:982	trials start ( swipe ), size: 48, spacing: 0.5
03/23 16:54:38:604	#1	event:null	target:blk_7_12	click:blk_7_12	CompletionTime: 5005	ErrorCount: 0	DwellSelectionCount: 10	MouseClickCount: 0
03/23 16:54:43:508	#2	event:null	target:blk_9_10	click:blk_9_10	CompletionTime: 2745	ErrorCount: 0	DwellSelectionCount: 7	MouseClickCount: 0
03/23 16:54:50:110	#3	event:null	target:blk_11_8	click:blk_11_8	CompletionTime: 4624	ErrorCount: 0	DwellSelectionCount: 5	MouseClickCount: 0
03/23 16:54:54:657	#4	event:null	target:blk_10_11	click:blk_10_11	CompletionTime: 2665	ErrorCount: 0	DwellSelectionCount: 8	MouseClickCount: 0
03/23 16:55:00:010	#5	event:null	target:blk_11_8	click:blk_11_8	CompletionTime: 3466	ErrorCount: 0	DwellSelectionCount: 10	MouseClickCount: 0
03/23 16:55:06:937	#6	event:null	target:blk_9_11	click:blk_9_11	CompletionTime: 4820	ErrorCount: 0	DwellSelectionCount: 13	MouseClickCount: 0
03/23 16:55:13:423	#7	event:null	target:blk_10_5	click:blk_10_5	CompletionTime: 4457	ErrorCount: 0	DwellSelectionCount: 8	MouseClickCount: 0
03/23 16:55:19:972	#8	event:null	target:blk_4_7	click:blk_4_7	CompletionTime: 4174	ErrorCount: 0	DwellSelectionCount: 11	MouseClickCount: 0
03/23 16:55:20:173	trial end
03/23 16:55:25:868	trials start ( swipe ), size: 32, spacing: 1
03/23 16:55:30:775	#1	event:null	target:blk_7_12	click:blk_7_12	CompletionTime: 3197	ErrorCount: 0	DwellSelectionCount: 7	MouseClickCount: 0
03/23 16:55:35:297	#2	event:null	target:blk_7_9	click:blk_7_9	CompletionTime: 2173	ErrorCount: 0	DwellSelectionCount: 6	MouseClickCount: 0
03/23 16:55:40:139	#3	event:null	target:blk_10_7	click:blk_10_7	CompletionTime: 2952	ErrorCount: 0	DwellSelectionCount: 4	MouseClickCount: 0
03/23 16:55:46:628	#4	event:null	target:blk_7_4	click:blk_7_3	CompletionTime: 4586	ErrorCount: 1	DwellSelectionCount: 8	MouseClickCount: 0
03/23 16:55:53:356	#5	event:null	target:blk_10_5	click:blk_10_5	CompletionTime: 4574	ErrorCount: 0	DwellSelectionCount: 9	MouseClickCount: 0
03/23 16:56:08:558	#6	event:timeout	target:blk_6_9	click:null	CompletionTime: -1	ErrorCount: 1	DwellSelectionCount: 14	MouseClickCount: 0
03/23 16:56:10:024	#7	event:timeout	target:blk_6_5	click:blk_6_9	CompletionTime: 14162	ErrorCount: 1	DwellSelectionCount: 1	MouseClickCount: 0
03/23 16:56:12:076	#8	event:timeout	target:blk_2_6	click:blk_9_8	CompletionTime: 309	ErrorCount: 1	DwellSelectionCount: 2	MouseClickCount: 0
03/23 16:56:12:279	trial end
03/23 16:56:20:740	trials start ( swipe ), size: 48, spacing: 1
03/23 16:56:28:760	#1	event:timeout	target:blk_7_12	click:blk_7_12	CompletionTime: 6344	ErrorCount: 0	DwellSelectionCount: 13	MouseClickCount: 0
03/23 16:56:36:046	#2	event:timeout	target:blk_6_10	click:blk_6_10	CompletionTime: 5169	ErrorCount: 0	DwellSelectionCount: 9	MouseClickCount: 0
03/23 16:56:41:188	#3	event:timeout	target:blk_8_11	click:blk_8_11	CompletionTime: 2899	ErrorCount: 0	DwellSelectionCount: 8	MouseClickCount: 0
03/23 16:56:48:150	#4	event:timeout	target:blk_10_9	click:blk_10_9	CompletionTime: 4797	ErrorCount: 0	DwellSelectionCount: 11	MouseClickCount: 0
03/23 16:57:03:351	#5	event:timeout	target:blk_6_4	click:null	CompletionTime: -1	ErrorCount: 1	DwellSelectionCount: 1	MouseClickCount: 0
03/23 16:57:32:371	trials start ( swipe ), size: 48, spacing: 1
03/23 16:57:39:454	#1	event:null	target:blk_7_12	click:blk_7_12	CompletionTime: 5501	ErrorCount: 0	DwellSelectionCount: 7	MouseClickCount: 0
03/23 16:57:44:602	#2	event:null	target:blk_9_11	click:blk_9_11	CompletionTime: 2908	ErrorCount: 0	DwellSelectionCount: 8	MouseClickCount: 0
03/23 16:57:48:405	#3	event:null	target:blk_9_8	click:blk_6_11	CompletionTime: 1930	ErrorCount: 1	DwellSelectionCount: 4	MouseClickCount: 0
03/23 16:57:55:732	#4	event:null	target:blk_9_4	click:blk_9_4	CompletionTime: 5180	ErrorCount: 0	DwellSelectionCount: 10	MouseClickCount: 0
03/23 16:58:10:964	#5	event:timeout	target:blk_7_7	click:null	CompletionTime: -1	ErrorCount: 1	DwellSelectionCount: 28	MouseClickCount: 0
03/23 16:58:25:957	#6	event:timeout	target:blk_4_3	click:null	CompletionTime: -1	ErrorCount: 1	DwellSelectionCount: 36	MouseClickCount: 0
03/23 16:58:40:962	#7	event:timeout	target:blk_7_2	click:null	CompletionTime: -1	ErrorCount: 1	DwellSelectionCount: 15	MouseClickCount: 0
03/23 16:58:52:047	#8	event:timeout	target:blk_3_7	click:blk_3_7	CompletionTime: 9241	ErrorCount: 0	DwellSelectionCount: 16	MouseClickCount: 0
03/23 16:58:52:249	trial end
03/23 17:00:44:155	trials start ( swipe ), size: 16, spacing: 0.5
03/23 17:00:48:649	#1	event:null	target:blk_7_12	click:blk_7_12	CompletionTime: 2872	ErrorCount: 0	DwellSelectionCount: 4	MouseClickCount: 0
03/23 17:00:54:246	#2	event:null	target:blk_9_11	click:blk_9_11	CompletionTime: 3121	ErrorCount: 0	DwellSelectionCount: 6	MouseClickCount: 0
03/23 17:01:00:977	#3	event:null	target:blk_11_9	click:blk_11_9	CompletionTime: 4832	ErrorCount: 0	DwellSelectionCount: 7	MouseClickCount: 0
03/23 17:01:13:871	#4	event:null	target:blk_11_6	click:blk_12_3	CompletionTime: 10923	ErrorCount: 1	DwellSelectionCount: 4	MouseClickCount: 0
03/23 17:01:19:002	#5	event:null	target:blk_11_9	click:blk_11_9	CompletionTime: 3369	ErrorCount: 0	DwellSelectionCount: 1	MouseClickCount: 0
03/23 17:01:25:548	#6	event:null	target:blk_7_10	click:blk_7_10	CompletionTime: 4696	ErrorCount: 0	DwellSelectionCount: 2	MouseClickCount: 0
03/23 17:01:32:341	#7	event:null	target:blk_4_6	click:blk_4_6	CompletionTime: 4309	ErrorCount: 0	DwellSelectionCount: 5	MouseClickCount: 0
03/23 17:01:37:610	#8	event:null	target:blk_11_7	click:blk_11_7	CompletionTime: 3061	ErrorCount: 0	DwellSelectionCount: 1	MouseClickCount: 0
03/23 17:01:37:808	trial end
03/23 17:01:45:563	trials start ( swipe ), size: 48, spacing: 0
03/23 17:01:49:673	#1	event:null	target:blk_7_12	click:blk_7_12	CompletionTime: 2510	ErrorCount: 0	DwellSelectionCount: 5	MouseClickCount: 0
03/23 17:01:56:766	#2	event:null	target:blk_9_11	click:blk_9_11	CompletionTime: 4914	ErrorCount: 0	DwellSelectionCount: 14	MouseClickCount: 0
03/23 17:02:11:969	#3	event:timeout	target:blk_10_9	click:null	CompletionTime: -1	ErrorCount: 1	DwellSelectionCount: 11	MouseClickCount: 0
03/23 17:02:13:111	#4	event:timeout	target:blk_7_10	click:blk_10_9	CompletionTime: 14176	ErrorCount: 1	DwellSelectionCount: 1	MouseClickCount: 0
03/23 17:02:21:444	#5	event:timeout	target:blk_10_7	click:blk_10_7	CompletionTime: 6291	ErrorCount: 0	DwellSelectionCount: 11	MouseClickCount: 0
03/23 17:02:28:178	#6	event:timeout	target:blk_6_2	click:blk_6_2	CompletionTime: 4164	ErrorCount: 0	DwellSelectionCount: 5	MouseClickCount: 0
03/23 17:02:33:067	#7	event:timeout	target:blk_9_4	click:blk_9_4	CompletionTime: 2765	ErrorCount: 0	DwellSelectionCount: 7	MouseClickCount: 0
03/23 17:02:41:938	#8	event:timeout	target:blk_9_9	click:blk_9_9	CompletionTime: 6509	ErrorCount: 0	DwellSelectionCount: 15	MouseClickCount: 0
03/23 17:02:42:147	trial end
03/23 17:02:49:676	trials start ( swipe ), size: 32, spacing: 0.5
03/23 17:02:57:253	#1	event:timeout	target:blk_7_12	click:blk_7_12	CompletionTime: 5855	ErrorCount: 0	DwellSelectionCount: 7	MouseClickCount: 0
03/23 17:03:09:080	#2	event:timeout	target:blk_8_10	click:blk_8_10	CompletionTime: 9718	ErrorCount: 0	DwellSelectionCount: 11	MouseClickCount: 0
03/23 17:03:18:713	#3	event:timeout	target:blk_10_8	click:blk_10_8	CompletionTime: 7853	ErrorCount: 0	DwellSelectionCount: 15	MouseClickCount: 0
03/23 17:03:23:969	#4	event:timeout	target:blk_10_5	click:blk_10_5	CompletionTime: 3295	ErrorCount: 0	DwellSelectionCount: 8	MouseClickCount: 0
03/23 17:03:35:634	#5	event:timeout	target:blk_7_10	click:blk_7_10	CompletionTime: 9694	ErrorCount: 0	DwellSelectionCount: 19	MouseClickCount: 0
03/23 17:03:50:840	#6	event:timeout	target:blk_11_7	click:null	CompletionTime: -1	ErrorCount: 1	DwellSelectionCount: 29	MouseClickCount: 0
03/23 17:03:55:144	#7	event:timeout	target:blk_7_11	click:blk_6_11	CompletionTime: 2288	ErrorCount: 1	DwellSelectionCount: 5	MouseClickCount: 0
03/23 17:04:05:614	#8	event:timeout	target:blk_9_9	click:blk_9_9	CompletionTime: 8646	ErrorCount: 0	DwellSelectionCount: 4	MouseClickCount: 0
03/23 17:04:05:813	trial end
