0 info it worked if it ends with ok
1 verbose cli [ '/usr/local/bin/node',
1 verbose cli   '/usr/local/bin/npm',
1 verbose cli   'run',
1 verbose cli   'swipe',
1 verbose cli   'motor',
1 verbose cli   'desktop',
1 verbose cli   'static',
1 verbose cli   'tw_1' ]
2 info using npm@3.10.10
3 info using node@v6.10.3
4 verbose run-script [ 'preswipe', 'swipe', 'postswipe' ]
5 info lifecycle gesturetag-prototype@1.0.0~preswipe: gesturetag-prototype@1.0.0
6 silly lifecycle gesturetag-prototype@1.0.0~preswipe: no script for preswipe, continuing
7 info lifecycle gesturetag-prototype@1.0.0~swipe: gesturetag-prototype@1.0.0
8 verbose lifecycle gesturetag-prototype@1.0.0~swipe: unsafe-perm in lifecycle true
9 verbose lifecycle gesturetag-prototype@1.0.0~swipe: PATH: /usr/local/lib/node_modules/npm/bin/node-gyp-bin:/Users/w4a2y4/Desktop/mHCI/GestureTag/GestureTag-prototype/node_modules/.bin:/Library/Frameworks/Python.framework/Versions/3.6/bin:/Developer/Simulator/GTKwave/bin:/Users/w4a2y4/anaconda/bin:/Library/Frameworks/Python.framework/Versions/3.6/bin:/Library/Frameworks/Python.framework/Versions/3.6/bin:/usr/local/bin:/usr/bin:/bin:/usr/sbin:/sbin:/usr/local/share/dotnet:/Library/Frameworks/Mono.framework/Versions/Current/Commands
10 verbose lifecycle gesturetag-prototype@1.0.0~swipe: CWD: /Users/w4a2y4/Desktop/mHCI/GestureTag/GestureTag-prototype
11 silly lifecycle gesturetag-prototype@1.0.0~swipe: Args: [ '-c',
11 silly lifecycle   'node server.js swipe "motor" "desktop" "static" "tw_1"' ]
12 silly lifecycle gesturetag-prototype@1.0.0~swipe: Returned: code: 1  signal: null
13 info lifecycle gesturetag-prototype@1.0.0~swipe: Failed to exec swipe script
14 verbose stack Error: gesturetag-prototype@1.0.0 swipe: `node server.js swipe "motor" "desktop" "static" "tw_1"`
14 verbose stack Exit status 1
14 verbose stack     at EventEmitter.<anonymous> (/usr/local/lib/node_modules/npm/lib/utils/lifecycle.js:255:16)
14 verbose stack     at emitTwo (events.js:106:13)
14 verbose stack     at EventEmitter.emit (events.js:191:7)
14 verbose stack     at ChildProcess.<anonymous> (/usr/local/lib/node_modules/npm/lib/utils/spawn.js:40:14)
14 verbose stack     at emitTwo (events.js:106:13)
14 verbose stack     at ChildProcess.emit (events.js:191:7)
14 verbose stack     at maybeClose (internal/child_process.js:886:16)
14 verbose stack     at Process.ChildProcess._handle.onexit (internal/child_process.js:226:5)
15 verbose pkgid gesturetag-prototype@1.0.0
16 verbose cwd /Users/w4a2y4/Desktop/mHCI/GestureTag/GestureTag-prototype/resources
17 error Darwin 17.4.0
18 error argv "/usr/local/bin/node" "/usr/local/bin/npm" "run" "swipe" "motor" "desktop" "static" "tw_1"
19 error node v6.10.3
20 error npm  v3.10.10
21 error code ELIFECYCLE
22 error gesturetag-prototype@1.0.0 swipe: `node server.js swipe "motor" "desktop" "static" "tw_1"`
22 error Exit status 1
23 error Failed at the gesturetag-prototype@1.0.0 swipe script 'node server.js swipe "motor" "desktop" "static" "tw_1"'.
23 error Make sure you have the latest version of node.js and npm installed.
23 error If you do, this is most likely a problem with the gesturetag-prototype package,
23 error not with npm itself.
23 error Tell the author that this fails on your system:
23 error     node server.js swipe "motor" "desktop" "static" "tw_1"
23 error You can get information on how to open an issue for this project with:
23 error     npm bugs gesturetag-prototype
23 error Or if that isn't available, you can get their info via:
23 error     npm owner ls gesturetag-prototype
23 error There is likely additional logging output above.
24 verbose exit [ 1, true ]
