03/29 10:24:55:095	trials start ( EyeGesture ), size: 32, spacing: 0.5
03/29 10:25:06:008	#1	event:timeout	target:blk_7_12	click:blk_6_12	CompletionTime: 9584	ErrorCount: 1	DwellSelectionCount: 12	MouseClickCount: 0
03/29 10:25:21:214	#2	event:timeout	target:blk_9_10	click:null	CompletionTime: -1	ErrorCount: 1	DwellSelectionCount: 19	MouseClickCount: 0
03/29 10:25:36:214	#3	event:timeout	target:blk_11_7	click:null	CompletionTime: -1	ErrorCount: 1	DwellSelectionCount: 15	MouseClickCount: 0
03/29 10:25:48:835	#4	event:timeout	target:blk_9_3	click:blk_9_2	CompletionTime: 11036	ErrorCount: 1	DwellSelectionCount: 20	MouseClickCount: 0
03/29 10:26:04:044	#5	event:timeout	target:blk_4_7	click:null	CompletionTime: -1	ErrorCount: 1	DwellSelectionCount: 29	MouseClickCount: 0
03/29 10:26:15:692	#6	event:timeout	target:blk_4_11	click:blk_4_11	CompletionTime: 10287	ErrorCount: 0	DwellSelectionCount: 11	MouseClickCount: 0
03/29 10:26:30:614	#7	event:timeout	target:blk_7_11	click:blk_6_11	CompletionTime: 13403	ErrorCount: 1	DwellSelectionCount: 15	MouseClickCount: 0
03/29 10:26:38:908	#8	event:timeout	target:blk_9_9	click:blk_8_9	CompletionTime: 6869	ErrorCount: 1	DwellSelectionCount: 20	MouseClickCount: 0
03/29 10:26:39:108	trial end
03/29 10:31:03:450	trials start ( EyeGesture ), size: 48, spacing: 0.5
03/29 10:31:17:411	#1	event:null	target:blk_7_12	click:blk_7_12	CompletionTime: 12558	ErrorCount: 0	DwellSelectionCount: 26	MouseClickCount: 0
03/29 10:31:30:114	#2	event:null	target:blk_7_9	click:blk_7_9	CompletionTime: 11200	ErrorCount: 0	DwellSelectionCount: 19	MouseClickCount: 0
03/29 10:31:41:418	#3	event:null	target:blk_9_11	click:blk_9_11	CompletionTime: 9569	ErrorCount: 0	DwellSelectionCount: 19	MouseClickCount: 0
03/29 10:31:56:620	#4	event:timeout	target:blk_11_9	click:null	CompletionTime: -1	ErrorCount: 1	DwellSelectionCount: 37	MouseClickCount: 0
03/29 10:32:02:321	#5	event:timeout	target:blk_11_6	click:blk_11_6	CompletionTime: 4309	ErrorCount: 0	DwellSelectionCount: 13	MouseClickCount: 0
03/29 10:32:08:918	#6	event:timeout	target:blk_10_3	click:blk_10_3	CompletionTime: 5025	ErrorCount: 0	DwellSelectionCount: 15	MouseClickCount: 0
03/29 10:32:18:470	#7	event:timeout	target:blk_8_10	click:blk_8_10	CompletionTime: 7736	ErrorCount: 0	DwellSelectionCount: 16	MouseClickCount: 0
03/29 10:32:29:121	#8	event:timeout	target:blk_4_6	click:blk_4_6	CompletionTime: 9089	ErrorCount: 0	DwellSelectionCount: 27	MouseClickCount: 0
03/29 10:32:29:321	trial end
03/29 10:32:34:334	trials start ( EyeGesture ), size: 32, spacing: 0
03/29 10:32:39:788	#1	event:timeout	target:blk_7_12	click:blk_7_12	CompletionTime: 4281	ErrorCount: 0	DwellSelectionCount: 12	MouseClickCount: 0
03/29 10:32:46:272	#2	event:timeout	target:blk_8_10	click:blk_8_10	CompletionTime: 4781	ErrorCount: 0	DwellSelectionCount: 15	MouseClickCount: 0
03/29 10:33:01:485	#3	event:timeout	target:blk_9_8	click:null	CompletionTime: -1	ErrorCount: 1	DwellSelectionCount: 40	MouseClickCount: 0
03/29 10:33:13:569	#4	event:timeout	target:blk_11_10	click:blk_11_10	CompletionTime: 10643	ErrorCount: 0	DwellSelectionCount: 14	MouseClickCount: 0
03/29 10:33:28:774	#5	event:timeout	target:blk_9_7	click:null	CompletionTime: -1	ErrorCount: 1	DwellSelectionCount: 39	MouseClickCount: 0
03/29 10:33:43:774	#6	event:timeout	target:blk_9_10	click:null	CompletionTime: -1	ErrorCount: 1	DwellSelectionCount: 23	MouseClickCount: 0
03/29 10:33:58:775	#7	event:timeout	target:blk_5_4	click:null	CompletionTime: -1	ErrorCount: 1	DwellSelectionCount: 0	MouseClickCount: 0
03/29 10:34:28:599	trials start ( EyeGesture ), size: 32, spacing: 0
03/29 10:34:36:189	#1	event:null	target:blk_7_12	click:blk_7_12	CompletionTime: 6343	ErrorCount: 0	DwellSelectionCount: 14	MouseClickCount: 0
03/29 10:34:44:869	#2	event:null	target:blk_8_10	click:blk_8_10	CompletionTime: 7021	ErrorCount: 0	DwellSelectionCount: 18	MouseClickCount: 0
03/29 10:34:59:650	#3	event:null	target:blk_7_8	click:blk_7_8	CompletionTime: 13220	ErrorCount: 0	DwellSelectionCount: 34	MouseClickCount: 0
03/29 10:35:09:891	#4	event:null	target:blk_9_10	click:blk_9_10	CompletionTime: 8513	ErrorCount: 0	DwellSelectionCount: 18	MouseClickCount: 0
03/29 10:35:18:611	#5	event:null	target:blk_9_7	click:blk_9_7	CompletionTime: 6982	ErrorCount: 0	DwellSelectionCount: 20	MouseClickCount: 0
03/29 10:35:24:574	#6	event:null	target:blk_2_7	click:blk_2_7	CompletionTime: 4546	ErrorCount: 0	DwellSelectionCount: 14	MouseClickCount: 0
03/29 10:35:29:617	#7	event:null	target:blk_2_10	click:blk_2_10	CompletionTime: 3533	ErrorCount: 0	DwellSelectionCount: 11	MouseClickCount: 0
03/29 10:35:41:546	#8	event:null	target:blk_7_5	click:blk_7_5	CompletionTime: 10359	ErrorCount: 0	DwellSelectionCount: 15	MouseClickCount: 0
03/29 10:35:41:750	trial end
03/29 10:35:52:829	trials start ( EyeGesture ), size: 32, spacing: 1
03/29 10:36:03:513	#1	event:null	target:blk_7_12	click:blk_6_12	CompletionTime: 9544	ErrorCount: 1	DwellSelectionCount: 15	MouseClickCount: 0
03/29 10:36:13:114	#2	event:null	target:blk_8_10	click:blk_8_10	CompletionTime: 7968	ErrorCount: 0	DwellSelectionCount: 13	MouseClickCount: 0
03/29 10:36:18:443	#3	event:null	target:blk_11_10	click:blk_11_10	CompletionTime: 3652	ErrorCount: 0	DwellSelectionCount: 10	MouseClickCount: 0
03/29 10:36:33:647	#4	event:timeout	target:blk_7_11	click:null	CompletionTime: -1	ErrorCount: 1	DwellSelectionCount: 32	MouseClickCount: 0
03/29 10:36:48:647	#5	event:timeout	target:blk_6_9	click:null	CompletionTime: -1	ErrorCount: 1	DwellSelectionCount: 3	MouseClickCount: 0
03/29 10:37:48:963	trials start ( EyeGesture ), size: 32, spacing: 1
03/29 10:38:01:575	#1	event:null	target:blk_7_12	click:blk_7_12	CompletionTime: 11429	ErrorCount: 0	DwellSelectionCount: 23	MouseClickCount: 0
03/29 10:38:06:755	#2	event:null	target:blk_8_10	click:blk_8_10	CompletionTime: 3542	ErrorCount: 0	DwellSelectionCount: 12	MouseClickCount: 0
03/29 10:38:11:701	#3	event:null	target:blk_7_8	click:blk_7_8	CompletionTime: 3411	ErrorCount: 0	DwellSelectionCount: 9	MouseClickCount: 0
03/29 10:38:26:904	#4	event:timeout	target:blk_9_10	click:null	CompletionTime: -1	ErrorCount: 1	DwellSelectionCount: 34	MouseClickCount: 0
03/29 10:38:36:043	#5	event:timeout	target:blk_11_7	click:blk_11_7	CompletionTime: 7840	ErrorCount: 0	DwellSelectionCount: 15	MouseClickCount: 0
03/29 10:38:41:089	#6	event:timeout	target:blk_4_8	click:blk_4_8	CompletionTime: 3396	ErrorCount: 0	DwellSelectionCount: 10	MouseClickCount: 0
03/29 10:38:46:265	#7	event:timeout	target:blk_10_11	click:blk_10_11	CompletionTime: 3604	ErrorCount: 0	DwellSelectionCount: 10	MouseClickCount: 0
03/29 10:38:54:812	#8	event:timeout	target:blk_10_8	click:blk_10_8	CompletionTime: 6754	ErrorCount: 0	DwellSelectionCount: 10	MouseClickCount: 0
03/29 10:38:55:016	trial end
03/29 10:38:59:986	trials start ( EyeGesture ), size: 48, spacing: 1
03/29 10:39:15:050	#1	event:timeout	target:blk_7_12	click:null	CompletionTime: -1	ErrorCount: 1	DwellSelectionCount: 32	MouseClickCount: 0
03/29 10:39:26:205	#2	event:timeout	target:blk_9_10	click:blk_9_10	CompletionTime: 9801	ErrorCount: 0	DwellSelectionCount: 21	MouseClickCount: 0
03/29 10:39:31:820	#3	event:timeout	target:blk_11_8	click:blk_11_8	CompletionTime: 3885	ErrorCount: 0	DwellSelectionCount: 12	MouseClickCount: 0
03/29 10:39:37:160	#4	event:timeout	target:blk_9_10	click:blk_9_10	CompletionTime: 3843	ErrorCount: 0	DwellSelectionCount: 11	MouseClickCount: 0
03/29 10:39:49:669	#5	event:timeout	target:blk_11_8	click:blk_11_8	CompletionTime: 10937	ErrorCount: 0	DwellSelectionCount: 25	MouseClickCount: 0
03/29 10:39:55:535	#6	event:timeout	target:blk_7_3	click:blk_7_3	CompletionTime: 3996	ErrorCount: 0	DwellSelectionCount: 11	MouseClickCount: 0
03/29 10:40:10:549	#7	event:timeout	target:blk_10_7	click:blk_10_7	CompletionTime: 13454	ErrorCount: 0	DwellSelectionCount: 39	MouseClickCount: 0
03/29 10:40:16:895	#8	event:timeout	target:blk_7_11	click:blk_7_11	CompletionTime: 4803	ErrorCount: 0	DwellSelectionCount: 14	MouseClickCount: 0
03/29 10:40:17:104	trial end
03/29 10:40:20:965	trials start ( EyeGesture ), size: 16, spacing: 0
03/29 10:40:30:530	#1	event:timeout	target:blk_7_12	click:blk_7_12	CompletionTime: 8319	ErrorCount: 0	DwellSelectionCount: 10	MouseClickCount: 0
03/29 10:40:37:466	#2	event:timeout	target:blk_9_11	click:blk_9_11	CompletionTime: 5240	ErrorCount: 0	DwellSelectionCount: 9	MouseClickCount: 0
03/29 10:40:52:669	#3	event:timeout	target:blk_11_9	click:null	CompletionTime: -1	ErrorCount: 1	DwellSelectionCount: 5	MouseClickCount: 0
03/29 10:41:13:876	trials start ( EyeGesture ), size: 16, spacing: 0
03/29 10:41:28:892	#1	event:timeout	target:blk_7_12	click:null	CompletionTime: -1	ErrorCount: 1	DwellSelectionCount: 2	MouseClickCount: 0
03/29 10:41:38:551	#2	event:timeout	target:blk_7_9	click:blk_7_9	CompletionTime: 8067	ErrorCount: 0	DwellSelectionCount: 2	MouseClickCount: 0
03/29 10:41:44:018	#3	event:timeout	target:blk_9_10	click:blk_9_10	CompletionTime: 3754	ErrorCount: 0	DwellSelectionCount: 3	MouseClickCount: 0
03/29 10:41:49:591	#4	event:timeout	target:blk_11_8	click:blk_11_8	CompletionTime: 4121	ErrorCount: 0	DwellSelectionCount: 5	MouseClickCount: 0
03/29 10:41:55:727	#5	event:timeout	target:blk_9_5	click:blk_9_5	CompletionTime: 4482	ErrorCount: 0	DwellSelectionCount: 12	MouseClickCount: 0
03/29 10:42:10:934	#6	event:timeout	target:blk_3_7	click:null	CompletionTime: -1	ErrorCount: 1	DwellSelectionCount: 11	MouseClickCount: 0
03/29 10:42:18:491	#7	event:timeout	target:blk_6_3	click:blk_6_3	CompletionTime: 6005	ErrorCount: 0	DwellSelectionCount: 15	MouseClickCount: 0
03/29 10:42:31:758	#8	event:timeout	target:blk_10_6	click:blk_10_6	CompletionTime: 11680	ErrorCount: 0	DwellSelectionCount: 14	MouseClickCount: 0
03/29 10:42:31:961	trial end
03/29 10:42:36:270	trials start ( EyeGesture ), size: 16, spacing: 1
03/29 10:42:51:388	#1	event:timeout	target:blk_7_12	click:null	CompletionTime: -1	ErrorCount: 1	DwellSelectionCount: 7	MouseClickCount: 0
03/29 10:43:03:500	#2	event:timeout	target:blk_9_11	click:blk_9_11	CompletionTime: 10681	ErrorCount: 0	DwellSelectionCount: 13	MouseClickCount: 0
03/29 10:43:15:589	#3	event:timeout	target:blk_11_10	click:blk_11_10	CompletionTime: 10282	ErrorCount: 0	DwellSelectionCount: 6	MouseClickCount: 0
03/29 10:43:22:475	#4	event:timeout	target:blk_11_6	click:blk_10_6	CompletionTime: 5403	ErrorCount: 1	DwellSelectionCount: 6	MouseClickCount: 0
03/29 10:43:31:206	#5	event:timeout	target:blk_9_8	click:blk_9_8	CompletionTime: 7394	ErrorCount: 0	DwellSelectionCount: 5	MouseClickCount: 0
03/29 10:43:40:511	#6	event:timeout	target:blk_7_5	click:blk_7_5	CompletionTime: 7769	ErrorCount: 0	DwellSelectionCount: 5	MouseClickCount: 0
03/29 10:43:49:047	#7	event:timeout	target:blk_3_11	click:blk_3_11	CompletionTime: 6605	ErrorCount: 0	DwellSelectionCount: 8	MouseClickCount: 0
03/29 10:43:54:911	#8	event:timeout	target:blk_7_8	click:blk_7_8	CompletionTime: 3928	ErrorCount: 0	DwellSelectionCount: 8	MouseClickCount: 0
03/29 10:43:55:112	trial end
03/29 10:43:58:798	trials start ( EyeGesture ), size: 16, spacing: 0.5
03/29 10:44:07:128	#1	event:timeout	target:blk_7_12	click:blk_7_12	CompletionTime: 7074	ErrorCount: 0	DwellSelectionCount: 3	MouseClickCount: 0
03/29 10:44:16:178	#2	event:timeout	target:blk_5_9	click:blk_5_9	CompletionTime: 7598	ErrorCount: 0	DwellSelectionCount: 12	MouseClickCount: 0
03/29 10:44:23:127	#3	event:timeout	target:blk_7_10	click:blk_7_10	CompletionTime: 5354	ErrorCount: 0	DwellSelectionCount: 14	MouseClickCount: 0
03/29 10:44:38:330	#4	event:timeout	target:blk_9_8	click:null	CompletionTime: -1	ErrorCount: 1	DwellSelectionCount: 31	MouseClickCount: 0
03/29 10:44:45:044	#5	event:timeout	target:blk_6_11	click:blk_6_11	CompletionTime: 5452	ErrorCount: 0	DwellSelectionCount: 8	MouseClickCount: 0
03/29 10:44:51:516	#6	event:timeout	target:blk_6_8	click:blk_6_8	CompletionTime: 4921	ErrorCount: 0	DwellSelectionCount: 7	MouseClickCount: 0
03/29 10:44:56:619	#7	event:timeout	target:blk_11_4	click:blk_11_4	CompletionTime: 3453	ErrorCount: 0	DwellSelectionCount: 5	MouseClickCount: 0
03/29 10:45:05:392	#8	event:timeout	target:blk_9_7	click:blk_9_7	CompletionTime: 7429	ErrorCount: 0	DwellSelectionCount: 9	MouseClickCount: 0
03/29 10:45:05:595	trial end
03/29 10:45:16:388	trials start ( EyeGesture ), size: 48, spacing: 0
03/29 10:45:24:609	#1	event:timeout	target:blk_7_12	click:blk_7_12	CompletionTime: 6940	ErrorCount: 0	DwellSelectionCount: 13	MouseClickCount: 0
03/29 10:45:33:828	#2	event:timeout	target:blk_6_10	click:blk_6_10	CompletionTime: 7408	ErrorCount: 0	DwellSelectionCount: 17	MouseClickCount: 0
03/29 10:45:40:827	#3	event:timeout	target:blk_11_11	click:blk_11_11	CompletionTime: 5458	ErrorCount: 0	DwellSelectionCount: 16	MouseClickCount: 0
03/29 10:45:46:297	#4	event:timeout	target:blk_10_8	click:blk_10_8	CompletionTime: 3877	ErrorCount: 0	DwellSelectionCount: 11	MouseClickCount: 0
03/29 10:45:55:084	#5	event:timeout	target:blk_10_5	click:blk_10_5	CompletionTime: 7254	ErrorCount: 0	DwellSelectionCount: 13	MouseClickCount: 0
03/29 10:46:01:801	#6	event:timeout	target:blk_6_8	click:blk_6_8	CompletionTime: 5300	ErrorCount: 0	DwellSelectionCount: 14	MouseClickCount: 0
03/29 10:46:08:602	#7	event:timeout	target:blk_10_10	click:blk_10_10	CompletionTime: 5222	ErrorCount: 0	DwellSelectionCount: 14	MouseClickCount: 0
03/29 10:46:13:640	#8	event:timeout	target:blk_10_6	click:blk_10_6	CompletionTime: 3488	ErrorCount: 0	DwellSelectionCount: 11	MouseClickCount: 0
03/29 10:46:13:841	trial end
