03/27 16:46:14:443	trials start ( dwell ), size: 16, spacing: 0
03/27 16:46:17:305	#1	event:null	target:blk_7_12	click:blk_7_12	CompletionTime: 1629	ErrorCount: 0	DwellSelectionCount: 3	MouseClickCount: 0
03/27 16:46:29:081	#2	event:null	target:blk_9_11	click:blk_9_11	CompletionTime: 10201	ErrorCount: 0	DwellSelectionCount: 23	MouseClickCount: 0
03/27 16:46:31:432	#3	event:null	target:blk_11_9	click:blk_11_9	CompletionTime: 909	ErrorCount: 0	DwellSelectionCount: 1	MouseClickCount: 0
03/27 16:46:35:330	#4	event:null	target:blk_11_6	click:blk_11_5	CompletionTime: 2520	ErrorCount: 1	DwellSelectionCount: 5	MouseClickCount: 0
03/27 16:46:38:164	#5	event:null	target:blk_10_9	click:blk_9_9	CompletionTime: 1561	ErrorCount: 1	DwellSelectionCount: 3	MouseClickCount: 0
03/27 16:46:40:097	#6	event:null	target:blk_9_2	click:blk_9_2	CompletionTime: 550	ErrorCount: 0	DwellSelectionCount: 1	MouseClickCount: 0
03/27 16:46:42:139	#7	event:null	target:blk_9_8	click:blk_9_8	CompletionTime: 573	ErrorCount: 0	DwellSelectionCount: 1	MouseClickCount: 0
03/27 16:46:51:859	#8	event:null	target:blk_9_11	click:blk_9_11	CompletionTime: 8361	ErrorCount: 0	DwellSelectionCount: 21	MouseClickCount: 0
03/27 16:46:52:061	trial end
03/27 16:47:00:147	trials start ( dwell ), size: 48, spacing: 1
03/27 16:47:01:759	#1	event:null	target:blk_7_12	click:blk_7_12	CompletionTime: 388	ErrorCount: 0	DwellSelectionCount: 3	MouseClickCount: 0
03/27 16:47:07:368	#2	event:null	target:blk_9_11	click:blk_9_11	CompletionTime: 4119	ErrorCount: 0	DwellSelectionCount: 13	MouseClickCount: 0
03/27 16:47:08:791	#3	event:null	target:blk_11_9	click:blk_9_11	CompletionTime: 4	ErrorCount: 1	DwellSelectionCount: 2	MouseClickCount: 0
03/27 16:47:11:103	#4	event:null	target:blk_11_5	click:blk_11_5	CompletionTime: 1001	ErrorCount: 0	DwellSelectionCount: 2	MouseClickCount: 0
03/27 16:47:12:950	#5	event:null	target:blk_9_7	click:blk_9_7	CompletionTime: 393	ErrorCount: 0	DwellSelectionCount: 1	MouseClickCount: 0
03/27 16:47:14:718	#6	event:null	target:blk_6_2	click:blk_6_2	CompletionTime: 412	ErrorCount: 0	DwellSelectionCount: 2	MouseClickCount: 0
03/27 16:47:16:549	#7	event:null	target:blk_8_8	click:blk_8_8	CompletionTime: 507	ErrorCount: 0	DwellSelectionCount: 2	MouseClickCount: 0
03/27 16:47:19:113	#8	event:null	target:blk_7_11	click:blk_7_11	CompletionTime: 1181	ErrorCount: 0	DwellSelectionCount: 5	MouseClickCount: 0
03/27 16:47:19:315	trial end
03/27 16:47:25:215	trials start ( dwell ), size: 48, spacing: 0
03/27 16:47:26:547	#1	event:null	target:blk_7_12	click:blk_7_11	CompletionTime: 178	ErrorCount: 1	DwellSelectionCount: 1	MouseClickCount: 0
03/27 16:47:28:910	#2	event:null	target:blk_8_9	click:blk_8_9	CompletionTime: 859	ErrorCount: 0	DwellSelectionCount: 4	MouseClickCount: 0
03/27 16:47:31:083	#3	event:null	target:blk_8_5	click:blk_8_5	CompletionTime: 805	ErrorCount: 0	DwellSelectionCount: 3	MouseClickCount: 0
03/27 16:47:33:000	#4	event:null	target:blk_10_8	click:blk_10_8	CompletionTime: 455	ErrorCount: 0	DwellSelectionCount: 1	MouseClickCount: 0
03/27 16:47:34:654	#5	event:null	target:blk_7_11	click:blk_7_11	CompletionTime: 337	ErrorCount: 0	DwellSelectionCount: 1	MouseClickCount: 0
03/27 16:47:36:648	#6	event:null	target:blk_9_8	click:blk_9_8	CompletionTime: 510	ErrorCount: 0	DwellSelectionCount: 3	MouseClickCount: 0
03/27 16:47:38:461	#7	event:null	target:blk_7_10	click:blk_7_10	CompletionTime: 366	ErrorCount: 0	DwellSelectionCount: 2	MouseClickCount: 0
03/27 16:47:40:414	#8	event:null	target:blk_11_6	click:blk_11_6	CompletionTime: 576	ErrorCount: 0	DwellSelectionCount: 2	MouseClickCount: 0
03/27 16:47:40:624	trial end
03/27 16:47:54:976	trials start ( dwell ), size: 32, spacing: 0.5
03/27 16:47:56:629	#1	event:null	target:blk_7_12	click:blk_7_12	CompletionTime: 501	ErrorCount: 0	DwellSelectionCount: 0	MouseClickCount: 0
03/27 16:48:03:108	#2	event:null	target:blk_9_11	click:blk_9_11	CompletionTime: 4923	ErrorCount: 0	DwellSelectionCount: 15	MouseClickCount: 0
03/27 16:48:05:779	#3	event:null	target:blk_8_9	click:blk_8_9	CompletionTime: 1132	ErrorCount: 0	DwellSelectionCount: 4	MouseClickCount: 0
03/27 16:48:08:813	#4	event:null	target:blk_11_8	click:blk_11_8	CompletionTime: 1643	ErrorCount: 0	DwellSelectionCount: 5	MouseClickCount: 0
03/27 16:48:11:159	#5	event:null	target:blk_9_11	click:blk_9_11	CompletionTime: 922	ErrorCount: 0	DwellSelectionCount: 3	MouseClickCount: 0
03/27 16:48:14:506	#6	event:null	target:blk_10_7	click:blk_10_7	CompletionTime: 1830	ErrorCount: 0	DwellSelectionCount: 4	MouseClickCount: 0
03/27 16:48:16:757	#7	event:null	target:blk_8_3	click:blk_8_3	CompletionTime: 669	ErrorCount: 0	DwellSelectionCount: 2	MouseClickCount: 0
03/27 16:48:18:708	#8	event:null	target:blk_11_9	click:blk_10_9	CompletionTime: 546	ErrorCount: 1	DwellSelectionCount: 2	MouseClickCount: 0
03/27 16:48:18:916	trial end
03/27 16:48:22:999	trials start ( dwell ), size: 32, spacing: 1
03/27 16:48:25:380	#1	event:null	target:blk_7_12	click:blk_7_12	CompletionTime: 1197	ErrorCount: 0	DwellSelectionCount: 3	MouseClickCount: 0
03/27 16:48:30:258	#2	event:null	target:blk_8_10	click:blk_8_10	CompletionTime: 3410	ErrorCount: 0	DwellSelectionCount: 11	MouseClickCount: 0
03/27 16:48:35:956	#3	event:null	target:blk_10_8	click:blk_10_8	CompletionTime: 4378	ErrorCount: 0	DwellSelectionCount: 12	MouseClickCount: 0
03/27 16:48:39:438	#4	event:null	target:blk_8_10	click:blk_8_10	CompletionTime: 2016	ErrorCount: 0	DwellSelectionCount: 7	MouseClickCount: 0
03/27 16:48:42:495	#5	event:null	target:blk_10_8	click:blk_10_8	CompletionTime: 1555	ErrorCount: 0	DwellSelectionCount: 5	MouseClickCount: 0
03/27 16:48:44:871	#6	event:null	target:blk_3_8	click:blk_3_8	CompletionTime: 885	ErrorCount: 0	DwellSelectionCount: 2	MouseClickCount: 0
03/27 16:48:47:104	#7	event:null	target:blk_7_6	click:blk_7_6	CompletionTime: 517	ErrorCount: 0	DwellSelectionCount: 2	MouseClickCount: 0
03/27 16:48:49:035	#8	event:null	target:blk_2_7	click:blk_2_7	CompletionTime: 426	ErrorCount: 0	DwellSelectionCount: 2	MouseClickCount: 0
03/27 16:48:49:236	trial end
03/27 16:48:52:227	trials start ( dwell ), size: 16, spacing: 0.5
03/27 16:48:58:427	#1	event:null	target:blk_7_12	click:blk_7_12	CompletionTime: 4950	ErrorCount: 0	DwellSelectionCount: 7	MouseClickCount: 0
03/27 16:49:02:069	#2	event:null	target:blk_9_10	click:blk_9_10	CompletionTime: 2103	ErrorCount: 0	DwellSelectionCount: 6	MouseClickCount: 0
03/27 16:49:04:092	#3	event:null	target:blk_11_11	click:blk_10_11	CompletionTime: 467	ErrorCount: 1	DwellSelectionCount: 2	MouseClickCount: 0
03/27 16:49:06:119	#4	event:null	target:blk_10_9	click:blk_10_9	CompletionTime: 450	ErrorCount: 0	DwellSelectionCount: 0	MouseClickCount: 0
03/27 16:49:08:567	#5	event:null	target:blk_9_11	click:blk_8_11	CompletionTime: 915	ErrorCount: 1	DwellSelectionCount: 3	MouseClickCount: 0
03/27 16:49:10:861	#6	event:null	target:blk_9_5	click:blk_9_5	CompletionTime: 835	ErrorCount: 0	DwellSelectionCount: 2	MouseClickCount: 0
03/27 16:49:12:869	#7	event:null	target:blk_5_8	click:blk_5_8	CompletionTime: 688	ErrorCount: 0	DwellSelectionCount: 1	MouseClickCount: 0
03/27 16:49:15:132	#8	event:null	target:blk_7_2	click:blk_7_2	CompletionTime: 914	ErrorCount: 0	DwellSelectionCount: 1	MouseClickCount: 0
03/27 16:49:15:334	trial end
03/27 16:49:17:980	trials start ( dwell ), size: 16, spacing: 1
03/27 16:49:25:261	#1	event:null	target:blk_7_12	click:blk_6_12	CompletionTime: 6081	ErrorCount: 1	DwellSelectionCount: 13	MouseClickCount: 0
03/27 16:49:28:802	#2	event:null	target:blk_9_10	click:blk_8_10	CompletionTime: 1966	ErrorCount: 1	DwellSelectionCount: 4	MouseClickCount: 0
03/27 16:49:31:576	#3	event:null	target:blk_7_11	click:blk_6_11	CompletionTime: 1246	ErrorCount: 1	DwellSelectionCount: 4	MouseClickCount: 0
03/27 16:49:34:004	#4	event:null	target:blk_4_7	click:blk_4_7	CompletionTime: 817	ErrorCount: 0	DwellSelectionCount: 1	MouseClickCount: 0
03/27 16:49:35:819	#5	event:null	target:blk_2_11	click:blk_1_11	CompletionTime: 464	ErrorCount: 1	DwellSelectionCount: 1	MouseClickCount: 0
03/27 16:49:38:204	#6	event:null	target:blk_6_9	click:blk_6_9	CompletionTime: 635	ErrorCount: 0	DwellSelectionCount: 0	MouseClickCount: 0
03/27 16:49:43:413	#7	event:null	target:blk_10_5	click:blk_10_5	CompletionTime: 3778	ErrorCount: 0	DwellSelectionCount: 9	MouseClickCount: 0
03/27 16:49:47:927	#8	event:null	target:blk_10_8	click:blk_10_8	CompletionTime: 3136	ErrorCount: 0	DwellSelectionCount: 4	MouseClickCount: 0
03/27 16:49:48:129	trial end
03/27 16:51:16:926	trials start ( dwell ), size: 48, spacing: 0.5
03/27 16:51:21:705	#1	event:null	target:blk_7_12	click:blk_7_12	CompletionTime: 3552	ErrorCount: 0	DwellSelectionCount: 10	MouseClickCount: 0
03/27 16:51:23:847	#2	event:null	target:blk_8_9	click:blk_7_9	CompletionTime: 679	ErrorCount: 1	DwellSelectionCount: 3	MouseClickCount: 0
03/27 16:52:16:399	trials start ( dwell ), size: 48, spacing: 0.5
03/27 16:52:20:591	#1	event:null	target:blk_7_12	click:blk_7_12	CompletionTime: 2942	ErrorCount: 0	DwellSelectionCount: 8	MouseClickCount: 0
03/27 16:52:27:083	#2	event:null	target:blk_9_11	click:blk_14_17	CompletionTime: 4971	ErrorCount: 1	DwellSelectionCount: 10	MouseClickCount: 0
03/27 16:52:30:250	#3	event:null	target:blk_11_10	click:blk_10_10	CompletionTime: 1611	ErrorCount: 1	DwellSelectionCount: 2	MouseClickCount: 0
03/27 16:52:33:122	#4	event:null	target:blk_9_11	click:blk_9_11	CompletionTime: 1350	ErrorCount: 0	DwellSelectionCount: 6	MouseClickCount: 0
03/27 16:52:35:142	#5	event:null	target:blk_7_5	click:blk_7_5	CompletionTime: 575	ErrorCount: 0	DwellSelectionCount: 2	MouseClickCount: 0
03/27 16:52:50:349	#6	event:timeout	target:blk_10_4	click:null	CompletionTime: -1	ErrorCount: 1	DwellSelectionCount: 37	MouseClickCount: 0
03/27 16:52:56:389	#7	event:timeout	target:blk_11_8	click:blk_10_8	CompletionTime: 4897	ErrorCount: 1	DwellSelectionCount: 12	MouseClickCount: 0
03/27 16:52:59:606	#8	event:timeout	target:blk_5_10	click:blk_5_10	CompletionTime: 1951	ErrorCount: 0	DwellSelectionCount: 5	MouseClickCount: 0
03/27 16:52:59:807	trial end
03/27 16:53:20:043	trials start ( dwell ), size: 32, spacing: 0
03/27 16:53:22:000	#1	event:timeout	target:blk_7_12	click:blk_6_12	CompletionTime: 628	ErrorCount: 1	DwellSelectionCount: 3	MouseClickCount: 0
03/27 16:53:24:431	#2	event:timeout	target:blk_8_10	click:blk_7_10	CompletionTime: 591	ErrorCount: 1	DwellSelectionCount: 2	MouseClickCount: 0
03/27 16:53:29:919	#3	event:timeout	target:blk_5_6	click:blk_5_7	CompletionTime: 3861	ErrorCount: 1	DwellSelectionCount: 4	MouseClickCount: 0
03/27 16:54:56:311	trials start ( dwell ), size: 32, spacing: 0
03/27 16:54:58:508	#1	event:null	target:blk_7_12	click:blk_7_12	CompletionTime: 1006	ErrorCount: 0	DwellSelectionCount: 2	MouseClickCount: 0
03/27 16:55:00:488	#2	event:null	target:blk_6_10	click:blk_6_10	CompletionTime: 372	ErrorCount: 0	DwellSelectionCount: 2	MouseClickCount: 0
03/27 16:55:02:422	#3	event:null	target:blk_8_8	click:blk_8_8	CompletionTime: 565	ErrorCount: 0	DwellSelectionCount: 1	MouseClickCount: 0
03/27 16:55:04:224	#4	event:null	target:blk_3_10	click:blk_3_10	CompletionTime: 411	ErrorCount: 0	DwellSelectionCount: 1	MouseClickCount: 0
03/27 16:55:06:114	#5	event:null	target:blk_6_10	click:blk_6_10	CompletionTime: 395	ErrorCount: 0	DwellSelectionCount: 2	MouseClickCount: 0
03/27 16:55:07:778	#6	event:null	target:blk_7_5	click:blk_7_5	CompletionTime: 381	ErrorCount: 0	DwellSelectionCount: 1	MouseClickCount: 0
03/27 16:55:09:621	#7	event:null	target:blk_7_10	click:blk_7_10	CompletionTime: 446	ErrorCount: 0	DwellSelectionCount: 1	MouseClickCount: 0
03/27 16:55:40:830	trials start ( dwell ), size: 32, spacing: 0
03/27 16:55:42:461	#1	event:null	target:blk_7_12	click:blk_7_12	CompletionTime: 448	ErrorCount: 0	DwellSelectionCount: 1	MouseClickCount: 0
03/27 16:55:44:996	#2	event:null	target:blk_8_10	click:blk_7_10	CompletionTime: 987	ErrorCount: 1	DwellSelectionCount: 3	MouseClickCount: 0
03/27 16:55:47:870	#3	event:null	target:blk_7_7	click:blk_7_7	CompletionTime: 1331	ErrorCount: 0	DwellSelectionCount: 5	MouseClickCount: 0
03/27 16:55:49:855	#4	event:null	target:blk_9_4	click:blk_9_4	CompletionTime: 550	ErrorCount: 0	DwellSelectionCount: 1	MouseClickCount: 0
03/27 16:55:52:054	#5	event:null	target:blk_8_2	click:blk_8_2	CompletionTime: 650	ErrorCount: 0	DwellSelectionCount: 1	MouseClickCount: 0
03/27 16:55:54:171	#6	event:null	target:blk_6_7	click:blk_6_7	CompletionTime: 633	ErrorCount: 0	DwellSelectionCount: 2	MouseClickCount: 0
03/27 16:55:59:454	#7	event:null	target:blk_10_2	click:blk_9_2	CompletionTime: 1683	ErrorCount: 1	DwellSelectionCount: 4	MouseClickCount: 0
03/27 16:56:02:439	#8	event:null	target:blk_11_4	click:blk_11_3	CompletionTime: 1395	ErrorCount: 1	DwellSelectionCount: 5	MouseClickCount: 0
03/27 16:56:02:640	trial end
